0 info it worked if it ends with ok
1 verbose cli [ '/usr/local/bin/node',
1 verbose cli   '/Users/ryan/.npm-global/bin/npm',
1 verbose cli   'start' ]
2 info using npm@3.5.2
3 info using node@v5.2.0
4 verbose run-script [ 'prestart', 'start', 'poststart' ]
5 info lifecycle chevynova@0.0.1~prestart: chevynova@0.0.1
6 silly lifecycle chevynova@0.0.1~prestart: no script for prestart, continuing
7 info lifecycle chevynova@0.0.1~start: chevynova@0.0.1
8 verbose lifecycle chevynova@0.0.1~start: unsafe-perm in lifecycle true
9 verbose lifecycle chevynova@0.0.1~start: PATH: /Users/ryan/.npm-global/lib/node_modules/npm/bin/node-gyp-bin:/Users/ryan/HR/greenfield/chevynova/node_modules/.bin:/Users/ryan/.npm-global/bin:/usr/local/bin:/usr/local/bin:/usr/bin:/bin:/usr/sbin:/sbin:/opt/X11/bin:/usr/local/git/bin
10 verbose lifecycle chevynova@0.0.1~start: CWD: /Users/ryan/HR/greenfield/chevynova
11 silly lifecycle chevynova@0.0.1~start: Args: [ '-c', 'node server/server.js' ]
12 silly lifecycle chevynova@0.0.1~start: Returned: code: 1  signal: null
13 info lifecycle chevynova@0.0.1~start: Failed to exec start script
14 verbose stack Error: chevynova@0.0.1 start: `node server/server.js`
14 verbose stack Exit status 1
14 verbose stack     at EventEmitter.<anonymous> (/Users/ryan/.npm-global/lib/node_modules/npm/lib/utils/lifecycle.js:232:16)
14 verbose stack     at emitTwo (events.js:88:13)
14 verbose stack     at EventEmitter.emit (events.js:173:7)
14 verbose stack     at ChildProcess.<anonymous> (/Users/ryan/.npm-global/lib/node_modules/npm/lib/utils/spawn.js:24:14)
14 verbose stack     at emitTwo (events.js:88:13)
14 verbose stack     at ChildProcess.emit (events.js:173:7)
14 verbose stack     at maybeClose (internal/child_process.js:819:16)
14 verbose stack     at Process.ChildProcess._handle.onexit (internal/child_process.js:212:5)
15 verbose pkgid chevynova@0.0.1
16 verbose cwd /Users/ryan/HR/greenfield/chevynova
17 error Darwin 15.2.0
18 error argv "/usr/local/bin/node" "/Users/ryan/.npm-global/bin/npm" "start"
19 error node v5.2.0
20 error npm  v3.5.2
21 error code ELIFECYCLE
22 error chevynova@0.0.1 start: `node server/server.js`
22 error Exit status 1
23 error Failed at the chevynova@0.0.1 start script 'node server/server.js'.
23 error Make sure you have the latest version of node.js and npm installed.
23 error If you do, this is most likely a problem with the chevynova package,
23 error not with npm itself.
23 error Tell the author that this fails on your system:
23 error     node server/server.js
23 error You can get information on how to open an issue for this project with:
23 error     npm bugs chevynova
23 error Or if that isn't available, you can get their info via:
23 error     npm owner ls chevynova
23 error There is likely additional logging output above.
24 verbose exit [ 1, true ]
